# JRE version: Java(TM) SE Runtime Environment (7.0_65-b19) (build 1.7.0_65-b19)
# Java VM: Java HotSpot(TM) Client VM (24.65-b04 mixed mode windows-x86 )
Heap
 par new generation   total 78656K, used 78656K [0x04400000, 0x09950000, 0x09950000)
  eden space 69952K, 100% used [0x04400000, 0x08850000, 0x08850000)
  from space 8704K, 100% used [0x090d0000, 0x09950000, 0x09950000)
  to   space 8704K, 100% used [0x08850000, 0x090d0000, 0x090d0000)
 concurrent mark-sweep generation total 174784K, used 89185K [0x09950000, 0x14400000, 0x14400000)
 concurrent-mark-sweep perm gen total 17016K, used 10138K [0x14400000, 0x1549e000, 0x18400000)
GC Heap History (10 events):
Event: 1015.688 GC heap after
Heap after GC invocations=11479 (full 1452):
 par new generation   total 78656K, used 8704K [0x04400000, 0x09950000, 0x09950000)
  eden space 69952K,   0% used [0x04400000, 0x04400000, 0x08850000)
  from space 8704K, 100% used [0x090d0000, 0x09950000, 0x09950000)
  to   space 8704K,   0% used [0x08850000, 0x08850000, 0x090d0000)
 concurrent mark-sweep generation total 174784K, used 105873K [0x09950000, 0x14400000, 0x14400000)
 concurrent-mark-sweep perm gen total 17016K, used 10138K [0x14400000, 0x1549e000, 0x18400000)
}
Event: 1015.762 GC heap before
{Heap before GC invocations=11479 (full 1452):
 par new generation   total 78656K, used 78656K [0x04400000, 0x09950000, 0x09950000)
  eden space 69952K, 100% used [0x04400000, 0x08850000, 0x08850000)
  from space 8704K, 100% used [0x090d0000, 0x09950000, 0x09950000)
  to   space 8704K,   0% used [0x08850000, 0x08850000, 0x090d0000)
 concurrent mark-sweep generation total 174784K, used 105873K [0x09950000, 0x14400000, 0x14400000)
 concurrent-mark-sweep perm gen total 17016K, used 10138K [0x14400000, 0x1549e000, 0x18400000)
Event: 1015.785 GC heap after
Heap after GC invocations=11480 (full 1452):
 par new generation   total 78656K, used 8704K [0x04400000, 0x09950000, 0x09950000)
  eden space 69952K,   0% used [0x04400000, 0x04400000, 0x08850000)
  from space 8704K, 100% used [0x08850000, 0x090d0000, 0x090d0000)
  to   space 8704K,   0% used [0x090d0000, 0x090d0000, 0x09950000)
 concurrent mark-sweep generation total 174784K, used 116378K [0x09950000, 0x14400000, 0x14400000)
 concurrent-mark-sweep perm gen total 17016K, used 10138K [0x14400000, 0x1549e000, 0x18400000)
}
Event: 1015.988 GC heap before
{Heap before GC invocations=11480 (full 1452):
 par new generation   total 78656K, used 78656K [0x04400000, 0x09950000, 0x09950000)
  eden space 69952K, 100% used [0x04400000, 0x08850000, 0x08850000)
  from space 8704K, 100% used [0x08850000, 0x090d0000, 0x090d0000)
  to   space 8704K,   0% used [0x090d0000, 0x090d0000, 0x09950000)
 concurrent mark-sweep generation total 174784K, used 116378K [0x09950000, 0x14400000, 0x14400000)
 concurrent-mark-sweep perm gen total 17016K, used 10138K [0x14400000, 0x1549e000, 0x18400000)
Event: 1016.013 GC heap after
Heap after GC invocations=11481 (full 1452):
 par new generation   total 78656K, used 8704K [0x04400000, 0x09950000, 0x09950000)
  eden space 69952K,   0% used [0x04400000, 0x04400000, 0x08850000)
  from space 8704K, 100% used [0x090d0000, 0x09950000, 0x09950000)
  to   space 8704K,   0% used [0x08850000, 0x08850000, 0x090d0000)
 concurrent mark-sweep generation total 174784K, used 128605K [0x09950000, 0x14400000, 0x14400000)
 concurrent-mark-sweep perm gen total 17016K, used 10138K [0x14400000, 0x1549e000, 0x18400000)
}
Event: 1016.241 GC heap before
{Heap before GC invocations=11481 (full 1452):
 par new generation   total 78656K, used 78656K [0x04400000, 0x09950000, 0x09950000)
  eden space 69952K, 100% used [0x04400000, 0x08850000, 0x08850000)
  from space 8704K, 100% used [0x090d0000, 0x09950000, 0x09950000)
  to   space 8704K,   0% used [0x08850000, 0x08850000, 0x090d0000)
 concurrent mark-sweep generation total 174784K, used 113672K [0x09950000, 0x14400000, 0x14400000)
 concurrent-mark-sweep perm gen total 17016K, used 10138K [0x14400000, 0x1549e000, 0x18400000)
Event: 1016.261 GC heap after
Heap after GC invocations=11482 (full 1452):
 par new generation   total 78656K, used 8704K [0x04400000, 0x09950000, 0x09950000)
  eden space 69952K,   0% used [0x04400000, 0x04400000, 0x08850000)
  from space 8704K, 100% used [0x08850000, 0x090d0000, 0x090d0000)
  to   space 8704K,   0% used [0x090d0000, 0x090d0000, 0x09950000)
 concurrent mark-sweep generation total 174784K, used 123975K [0x09950000, 0x14400000, 0x14400000)
 concurrent-mark-sweep perm gen total 17016K, used 10138K [0x14400000, 0x1549e000, 0x18400000)
}
Event: 1016.338 GC heap before
{Heap before GC invocations=11482 (full 1452):
 par new generation   total 78656K, used 78656K [0x04400000, 0x09950000, 0x09950000)
  eden space 69952K, 100% used [0x04400000, 0x08850000, 0x08850000)
  from space 8704K, 100% used [0x08850000, 0x090d0000, 0x090d0000)
  to   space 8704K,   0% used [0x090d0000, 0x090d0000, 0x09950000)
 concurrent mark-sweep generation total 174784K, used 93759K [0x09950000, 0x14400000, 0x14400000)
 concurrent-mark-sweep perm gen total 17016K, used 10138K [0x14400000, 0x1549e000, 0x18400000)
Event: 1016.361 GC heap after
Heap after GC invocations=11483 (full 1452):
 par new generation   total 78656K, used 8704K [0x04400000, 0x09950000, 0x09950000)
  eden space 69952K,   0% used [0x04400000, 0x04400000, 0x08850000)
  from space 8704K, 100% used [0x090d0000, 0x09950000, 0x09950000)
  to   space 8704K,   0% used [0x08850000, 0x08850000, 0x090d0000)
 concurrent mark-sweep generation total 174784K, used 105511K [0x09950000, 0x14400000, 0x14400000)
 concurrent-mark-sweep perm gen total 17016K, used 10138K [0x14400000, 0x1549e000, 0x18400000)
}
Event: 1016.599 GC heap before
{Heap before GC invocations=11483 (full 1452):
 par new generation   total 78656K, used 78656K [0x04400000, 0x09950000, 0x09950000)
  eden space 69952K, 100% used [0x04400000, 0x08850000, 0x08850000)
  from space 8704K, 100% used [0x090d0000, 0x09950000, 0x09950000)
  to   space 8704K,   0% used [0x08850000, 0x08850000, 0x090d0000)
 concurrent mark-sweep generation total 174784K, used 77544K [0x09950000, 0x14400000, 0x14400000)
 concurrent-mark-sweep perm gen total 17016K, used 10138K [0x14400000, 0x1549e000, 0x18400000)

